{"/Users/shruthikv/Documents/NodeJs/devTinder/src/models/connectionRequest.js": {"path":"/Users/shruthikv/Documents/NodeJs/devTinder/src/models/connectionRequest.js","statementMap":{"0":{"start":{"line":1,"column":17},"end":{"line":1,"column":36}},"1":{"start":{"line":3,"column":32},"end":{"line":26,"column":1}},"2":{"start":{"line":28,"column":0},"end":{"line":28,"column":58}},"3":{"start":{"line":30,"column":0},"end":{"line":36,"column":2}},"4":{"start":{"line":31,"column":30},"end":{"line":31,"column":34}},"5":{"start":{"line":32,"column":4},"end":{"line":34,"column":5}},"6":{"start":{"line":33,"column":8},"end":{"line":33,"column":62}},"7":{"start":{"line":35,"column":4},"end":{"line":35,"column":11}},"8":{"start":{"line":38,"column":26},"end":{"line":38,"column":90}},"9":{"start":{"line":40,"column":0},"end":{"line":40,"column":35}}},"fnMap":{"0":{"name":"(anonymous_0)","decl":{"start":{"line":30,"column":36},"end":{"line":30,"column":37}},"loc":{"start":{"line":30,"column":50},"end":{"line":36,"column":1}},"line":30}},"branchMap":{"0":{"loc":{"start":{"line":32,"column":4},"end":{"line":34,"column":5}},"type":"if","locations":[{"start":{"line":32,"column":4},"end":{"line":34,"column":5}},{"start":{},"end":{}}],"line":32}},"s":{"0":1,"1":1,"2":1,"3":1,"4":2,"5":2,"6":1,"7":1,"8":1,"9":1},"f":{"0":2},"b":{"0":[1,1]},"_coverageSchema":"1a1c01bbd47fc00a2c39e90264f33305004495a9","hash":"f1b0bb36a2cfa95d671d5ba5f8151c7637319f6b"}
,"/Users/shruthikv/Documents/NodeJs/devTinder/src/models/user.js": {"path":"/Users/shruthikv/Documents/NodeJs/devTinder/src/models/user.js","statementMap":{"0":{"start":{"line":1,"column":17},"end":{"line":1,"column":36}},"1":{"start":{"line":4,"column":19},"end":{"line":41,"column":1}},"2":{"start":{"line":43,"column":0},"end":{"line":43,"column":43}},"3":{"start":{"line":45,"column":13},"end":{"line":45,"column":47}},"4":{"start":{"line":46,"column":0},"end":{"line":46,"column":22}}},"fnMap":{},"branchMap":{},"s":{"0":3,"1":3,"2":3,"3":3,"4":3},"f":{},"b":{},"_coverageSchema":"1a1c01bbd47fc00a2c39e90264f33305004495a9","hash":"9a8d8d7245840b1eb3fcd37cef8ecefc18fb7c3b"}
}
